<?xml version="1.0" encoding="UTF-8"?>
<!-- Generated by org.testng.reporters.JUnitXMLReporter -->
<testsuite ignored="0" hostname="DESKTOP-4OTE5SI" failures="0" tests="4" name="LoginFunctionalityCheck" time="56.491" errors="0" timestamp="04 Aug 2020 20:46:07 GMT">
  <testcase classname="CRMloginTest.Login" name="login1" time="2.066"/>
  <testcase classname="CRMloginTest.Login" name="login2" time="1.638"/>
  <testcase classname="CRMloginTest.Login" name="login3" time="1.637"/>
  <testcase classname="CRMloginTest.Login" name="login4" time="1.998"/>
</testsuite> <!-- LoginFunctionalityCheck -->
